<?xml version="1.0" encoding="UTF-8"?>
<testsuite name="Test" tests="2" skipped="0" failures="0" errors="0" timestamp="2021-04-13T10:12:34" hostname="MrYang" time="0.011">
  <properties/>
  <testcase name="testOther" classname="Test" time="0.01"/>
  <testcase name="test" classname="Test" time="0.0"/>
  <system-out><![CDATA[1,2,3,4,5,6,10
8899
]]></system-out>
  <system-err><![CDATA[]]></system-err>
</testsuite>
