<?xml version="1.0" encoding="UTF-8"?>
<testsuite name="Test" tests="2" skipped="0" failures="0" errors="0" timestamp="2021-06-09T08:06:46" hostname="MrYang" time="0.01">
  <properties/>
  <testcase name="testOther" classname="Test" time="0.009"/>
  <testcase name="test" classname="Test" time="0.0"/>
  <system-out><![CDATA[1,2,3,4,5,6,10
8899
]]></system-out>
  <system-err><![CDATA[]]></system-err>
</testsuite>
